<?xml version="1.0" encoding="UTF-8"?>
<!-- Generated by org.testng.reporters.JUnitXMLReporter -->
<testsuite ignored="0" hostname="DESKTOP-NVK67B2" failures="0" tests="4" name="Default test" time="48.397" errors="0" timestamp="2023-12-28T15:34:47 IST">
  <testcase classname="com.ExchangeAdmin.BetlistliveTest.BetlistliveTest" name="login" time="9.448"/>
  <testcase classname="com.ExchangeAdmin.BetlistliveTest.BetlistliveTest" name="MyAccount" time="8.149"/>
  <testcase classname="com.ExchangeAdmin.BetlistliveTest.BetlistliveTest" name="ColumnChooser" time="6.158"/>
  <testcase classname="com.ExchangeAdmin.BetlistliveTest.BetlistliveTest" name="ColumnChooserlist" time="6.262"/>
</testsuite> <!-- Default test -->
