<?xml version="1.0" encoding="UTF-8"?>
<!-- Generated by org.testng.reporters.JUnitXMLReporter -->
<testsuite ignored="0" hostname="DESKTOP-NVK67B2" failures="0" tests="6" name="Default test" time="171.944" errors="0" timestamp="2023-12-21T16:25:20 IST">
  <testcase classname="com.ExchangeAdmin.LoginTest.LoginTest" name="login" time="9.073"/>
  <testcase classname="com.ExchangeAdmin.LoginTest.LoginTest" name="login" time="16.543"/>
  <testcase classname="com.ExchangeAdmin.LoginTest.LoginTest" name="login" time="16.568"/>
  <testcase classname="com.ExchangeAdmin.LoginTest.LoginTest" name="login" time="16.541"/>
  <testcase classname="com.ExchangeAdmin.LoginTest.LoginTest" name="login" time="16.448"/>
  <testcase classname="com.ExchangeAdmin.LoginTest.LoginTest" name="login" time="16.386"/>
</testsuite> <!-- Default test -->
