<?xml version="1.0" encoding="UTF-8"?>
<testng-results ignored="0" total="4" passed="4" failed="0" skipped="0">
  <reporter-output>
    <line>
      <![CDATA[<font color='green'>Browser got launched</font>]]>
    </line>
    <line>
      <![CDATA[<font color='green'>Navigated to Application UR</font>]]>
    </line>
    <line>
      <![CDATA[Email is entered]]>
    </line>
    <line>
      <![CDATA[Password is Entered]]>
    </line>
    <line>
      <![CDATA[Clicked on Continue Button]]>
    </line>
    <line>
      <![CDATA[<font color='green'>Browser got closed</font>]]>
    </line>
  </reporter-output>
  <suite started-at="2023-12-28T15:33:58 IST" name="Default suite" finished-at="2023-12-28T15:34:47 IST" duration-ms="48397">
    <groups>
    </groups>
    <test started-at="2023-12-28T15:33:58 IST" name="Default test" finished-at="2023-12-28T15:34:47 IST" duration-ms="48397">
      <class name="com.ExchangeAdmin.BetlistliveTest.BetlistliveTest">
        <test-method is-config="true" signature="setup()[pri:0, instance:com.ExchangeAdmin.BetlistliveTest.BetlistliveTest@5d0bf09b]" started-at="2023-12-28T15:33:58 IST" name="setup" finished-at="2023-12-28T15:33:59 IST" duration-ms="441" status="PASS">
          <reporter-output>
          </reporter-output>
        </test-method> <!-- setup -->
        <test-method is-config="true" signature="openApplication()[pri:0, instance:com.ExchangeAdmin.BetlistliveTest.BetlistliveTest@5d0bf09b]" started-at="2023-12-28T15:33:59 IST" name="openApplication" finished-at="2023-12-28T15:34:16 IST" duration-ms="17015" status="PASS">
          <reporter-output>
            <line>
              <![CDATA[<font color='green'>Browser got launched</font>]]>
            </line>
            <line>
              <![CDATA[<font color='green'>Navigated to Application UR</font>]]>
            </line>
          </reporter-output>
        </test-method> <!-- openApplication -->
        <test-method signature="login()[pri:1, instance:com.ExchangeAdmin.BetlistliveTest.BetlistliveTest@5d0bf09b]" started-at="2023-12-28T15:34:16 IST" name="login" finished-at="2023-12-28T15:34:25 IST" duration-ms="9448" status="PASS">
          <reporter-output>
            <line>
              <![CDATA[Email is entered]]>
            </line>
            <line>
              <![CDATA[Password is Entered]]>
            </line>
            <line>
              <![CDATA[Clicked on Continue Button]]>
            </line>
          </reporter-output>
        </test-method> <!-- login -->
        <test-method signature="MyAccount()[pri:2, instance:com.ExchangeAdmin.BetlistliveTest.BetlistliveTest@5d0bf09b]" started-at="2023-12-28T15:34:25 IST" name="MyAccount" finished-at="2023-12-28T15:34:33 IST" duration-ms="8149" status="PASS">
          <reporter-output>
          </reporter-output>
        </test-method> <!-- MyAccount -->
        <test-method signature="ColumnChooser()[pri:3, instance:com.ExchangeAdmin.BetlistliveTest.BetlistliveTest@5d0bf09b]" started-at="2023-12-28T15:34:33 IST" name="ColumnChooser" finished-at="2023-12-28T15:34:39 IST" duration-ms="6158" status="PASS">
          <reporter-output>
          </reporter-output>
        </test-method> <!-- ColumnChooser -->
        <test-method signature="ColumnChooserlist()[pri:4, instance:com.ExchangeAdmin.BetlistliveTest.BetlistliveTest@5d0bf09b]" started-at="2023-12-28T15:34:39 IST" name="ColumnChooserlist" finished-at="2023-12-28T15:34:46 IST" duration-ms="6262" status="PASS">
          <reporter-output>
          </reporter-output>
        </test-method> <!-- ColumnChooserlist -->
        <test-method is-config="true" signature="closure()[pri:0, instance:com.ExchangeAdmin.BetlistliveTest.BetlistliveTest@5d0bf09b]" started-at="2023-12-28T15:34:46 IST" name="closure" finished-at="2023-12-28T15:34:46 IST" duration-ms="241" status="PASS">
          <reporter-output>
            <line>
              <![CDATA[<font color='green'>Browser got closed</font>]]>
            </line>
          </reporter-output>
        </test-method> <!-- closure -->
        <test-method is-config="true" signature="reportTeardown()[pri:0, instance:com.ExchangeAdmin.BetlistliveTest.BetlistliveTest@5d0bf09b]" started-at="2023-12-28T15:34:46 IST" name="reportTeardown" finished-at="2023-12-28T15:34:47 IST" duration-ms="583" status="PASS">
          <reporter-output>
          </reporter-output>
        </test-method> <!-- reportTeardown -->
      </class> <!-- com.ExchangeAdmin.BetlistliveTest.BetlistliveTest -->
    </test> <!-- Default test -->
  </suite> <!-- Default suite -->
</testng-results>
